<?xml version="1.0" encoding="UTF-8"?>
<!-- Generated by org.testng.reporters.JUnitReportReporter -->
<testsuite skipped="0" hostname="DESKTOP-1SCR1MJ" name="com.pages.test_execution" tests="1" failures="0" timestamp="15 Mar 2018 07:18:11 GMT" time="11.364" errors="0">
  <testcase name="select_feeds" time="11.364" classname="com.pages.test_execution"/>
</testsuite> <!-- com.pages.test_execution -->
