<?xml version="1.0" encoding="UTF-8"?>
<!-- Generated by org.testng.reporters.JUnitReportReporter -->
<testsuite skipped="0" hostname="DESKTOP-1SCR1MJ" name="com.pages.test_execution" tests="1" failures="0" timestamp="05 Apr 2018 12:02:58 GMT" time="19.504" errors="0">
  <testcase name="select_feeds" time="19.504" classname="com.pages.test_execution"/>
</testsuite> <!-- com.pages.test_execution -->
